# JRE version: Java(TM) SE Runtime Environment (8.0-b132) (build 1.8.0-b132)
# Java VM: Java HotSpot(TM) 64-Bit Server VM (25.0-b70 mixed mode bsd-amd64 compressed oops)
Heap:
 PSYoungGen      total 3584K, used 1846K [0x00000007aab00000, 0x00000007ab200000, 0x00000007c0000000)
  eden space 2048K, 16% used [0x00000007aab00000,0x00000007aab52cd8,0x00000007aad00000)
  from space 1536K, 98% used [0x00000007ab080000,0x00000007ab1facf0,0x00000007ab200000)
  to   space 2048K, 0% used [0x00000007aae00000,0x00000007aae00000,0x00000007ab000000)
 ParOldGen       total 64000K, used 2130K [0x0000000780000000, 0x0000000783e80000, 0x00000007aab00000)
  object space 64000K, 3% used [0x0000000780000000,0x0000000780214880,0x0000000783e80000)
 Metaspace       used 12620K, capacity 12756K, committed 12928K, reserved 1060864K
  class space    used 1765K, capacity 1810K, committed 1920K, reserved 1048576K
GC Heap History (10 events):
Event: 0.249 GC heap before
{Heap before GC invocations=2 (full 0):
 PSYoungGen      total 1024K, used 992K [0x00000007aab00000, 0x00000007aad00000, 0x00000007c0000000)
  eden space 512K, 100% used [0x00000007aab00000,0x00000007aab80000,0x00000007aab80000)
  from space 512K, 93% used [0x00000007aab80000,0x00000007aabf8020,0x00000007aac00000)
  to   space 512K, 0% used [0x00000007aac80000,0x00000007aac80000,0x00000007aad00000)
 ParOldGen       total 64000K, used 8K [0x0000000780000000, 0x0000000783e80000, 0x00000007aab00000)
  object space 64000K, 0% used [0x0000000780000000,0x0000000780002000,0x0000000783e80000)
 Metaspace       used 4267K, capacity 4630K, committed 4992K, reserved 1056768K
  class space    used 506K, capacity 522K, committed 640K, reserved 1048576K
Event: 0.251 GC heap after
Heap after GC invocations=2 (full 0):
 PSYoungGen      total 1536K, used 480K [0x00000007aab00000, 0x00000007aad00000, 0x00000007c0000000)
  eden space 1024K, 0% used [0x00000007aab00000,0x00000007aab00000,0x00000007aac00000)
  from space 512K, 93% used [0x00000007aac80000,0x00000007aacf8020,0x00000007aad00000)
  to   space 512K, 0% used [0x00000007aac00000,0x00000007aac00000,0x00000007aac80000)
 ParOldGen       total 64000K, used 128K [0x0000000780000000, 0x0000000783e80000, 0x00000007aab00000)
  object space 64000K, 0% used [0x0000000780000000,0x0000000780020000,0x0000000783e80000)
 Metaspace       used 4267K, capacity 4630K, committed 4992K, reserved 1056768K
  class space    used 506K, capacity 522K, committed 640K, reserved 1048576K
}
Event: 0.367 GC heap before
{Heap before GC invocations=3 (full 0):
 PSYoungGen      total 1536K, used 1504K [0x00000007aab00000, 0x00000007aad00000, 0x00000007c0000000)
  eden space 1024K, 100% used [0x00000007aab00000,0x00000007aac00000,0x00000007aac00000)
  from space 512K, 93% used [0x00000007aac80000,0x00000007aacf8020,0x00000007aad00000)
  to   space 512K, 0% used [0x00000007aac00000,0x00000007aac00000,0x00000007aac80000)
 ParOldGen       total 64000K, used 128K [0x0000000780000000, 0x0000000783e80000, 0x00000007aab00000)
  object space 64000K, 0% used [0x0000000780000000,0x0000000780020000,0x0000000783e80000)
 Metaspace       used 7768K, capacity 7804K, committed 8064K, reserved 1056768K
  class space    used 1027K, capacity 1038K, committed 1152K, reserved 1048576K
Event: 0.369 GC heap after
Heap after GC invocations=3 (full 0):
 PSYoungGen      total 1536K, used 480K [0x00000007aab00000, 0x00000007aae00000, 0x00000007c0000000)
  eden space 1024K, 0% used [0x00000007aab00000,0x00000007aab00000,0x00000007aac00000)
  from space 512K, 93% used [0x00000007aac00000,0x00000007aac78020,0x00000007aac80000)
  to   space 512K, 0% used [0x00000007aad80000,0x00000007aad80000,0x00000007aae00000)
 ParOldGen       total 64000K, used 668K [0x0000000780000000, 0x0000000783e80000, 0x00000007aab00000)
  object space 64000K, 1% used [0x0000000780000000,0x00000007800a7010,0x0000000783e80000)
 Metaspace       used 7768K, capacity 7804K, committed 8064K, reserved 1056768K
  class space    used 1027K, capacity 1038K, committed 1152K, reserved 1048576K
}
Event: 0.882 GC heap before
{Heap before GC invocations=4 (full 0):
 PSYoungGen      total 1536K, used 1504K [0x00000007aab00000, 0x00000007aae00000, 0x00000007c0000000)
  eden space 1024K, 100% used [0x00000007aab00000,0x00000007aac00000,0x00000007aac00000)
  from space 512K, 93% used [0x00000007aac00000,0x00000007aac78020,0x00000007aac80000)
  to   space 512K, 0% used [0x00000007aad80000,0x00000007aad80000,0x00000007aae00000)
 ParOldGen       total 64000K, used 668K [0x0000000780000000, 0x0000000783e80000, 0x00000007aab00000)
  object space 64000K, 1% used [0x0000000780000000,0x00000007800a7010,0x0000000783e80000)
 Metaspace       used 9833K, capacity 9884K, committed 10112K, reserved 1058816K
  class space    used 1371K, capacity 1390K, committed 1408K, reserved 1048576K
Event: 0.885 GC heap after
Heap after GC invocations=4 (full 0):
 PSYoungGen      total 2560K, used 512K [0x00000007aab00000, 0x00000007aae00000, 0x00000007c0000000)
  eden space 2048K, 0% used [0x00000007aab00000,0x00000007aab00000,0x00000007aad00000)
  from space 512K, 100% used [0x00000007aad80000,0x00000007aae00000,0x00000007aae00000)
  to   space 512K, 0% used [0x00000007aad00000,0x00000007aad00000,0x00000007aad80000)
 ParOldGen       total 64000K, used 1244K [0x0000000780000000, 0x0000000783e80000, 0x00000007aab00000)
  object space 64000K, 1% used [0x0000000780000000,0x0000000780137060,0x0000000783e80000)
 Metaspace       used 9833K, capacity 9884K, committed 10112K, reserved 1058816K
  class space    used 1371K, capacity 1390K, committed 1408K, reserved 1048576K
}
Event: 1.133 GC heap before
{Heap before GC invocations=5 (full 0):
 PSYoungGen      total 2560K, used 2522K [0x00000007aab00000, 0x00000007aae00000, 0x00000007c0000000)
  eden space 2048K, 98% used [0x00000007aab00000,0x00000007aacf6818,0x00000007aad00000)
  from space 512K, 100% used [0x00000007aad80000,0x00000007aae00000,0x00000007aae00000)
  to   space 512K, 0% used [0x00000007aad00000,0x00000007aad00000,0x00000007aad80000)
 ParOldGen       total 64000K, used 1244K [0x0000000780000000, 0x0000000783e80000, 0x00000007aab00000)
  object space 64000K, 1% used [0x0000000780000000,0x0000000780137060,0x0000000783e80000)
 Metaspace       used 11646K, capacity 11796K, committed 12032K, reserved 1058816K
  class space    used 1641K, capacity 1682K, committed 1792K, reserved 1048576K
Event: 1.137 GC heap after
Heap after GC invocations=5 (full 0):
 PSYoungGen      total 2560K, used 512K [0x00000007aab00000, 0x00000007ab200000, 0x00000007c0000000)
  eden space 2048K, 0% used [0x00000007aab00000,0x00000007aab00000,0x00000007aad00000)
  from space 512K, 100% used [0x00000007aad00000,0x00000007aad80000,0x00000007aad80000)
  to   space 1536K, 0% used [0x00000007ab080000,0x00000007ab080000,0x00000007ab200000)
 ParOldGen       total 64000K, used 1988K [0x0000000780000000, 0x0000000783e80000, 0x00000007aab00000)
  object space 64000K, 3% used [0x0000000780000000,0x00000007801f1060,0x0000000783e80000)
 Metaspace       used 11646K, capacity 11796K, committed 12032K, reserved 1058816K
  class space    used 1641K, capacity 1682K, committed 1792K, reserved 1048576K
}
Event: 6.383 GC heap before
{Heap before GC invocations=6 (full 0):
 PSYoungGen      total 2560K, used 2560K [0x00000007aab00000, 0x00000007ab200000, 0x00000007c0000000)
  eden space 2048K, 100% used [0x00000007aab00000,0x00000007aad00000,0x00000007aad00000)
  from space 512K, 100% used [0x00000007aad00000,0x00000007aad80000,0x00000007aad80000)
  to   space 1536K, 0% used [0x00000007ab080000,0x00000007ab080000,0x00000007ab200000)
 ParOldGen       total 64000K, used 1988K [0x0000000780000000, 0x0000000783e80000, 0x00000007aab00000)
  object space 64000K, 3% used [0x0000000780000000,0x00000007801f1060,0x0000000783e80000)
 Metaspace       used 12543K, capacity 12692K, committed 12928K, reserved 1060864K
  class space    used 1765K, capacity 1810K, committed 1920K, reserved 1048576K
Event: 6.386 GC heap after
Heap after GC invocations=6 (full 0):
 PSYoungGen      total 3584K, used 1515K [0x00000007aab00000, 0x00000007ab200000, 0x00000007c0000000)
  eden space 2048K, 0% used [0x00000007aab00000,0x00000007aab00000,0x00000007aad00000)
  from space 1536K, 98% used [0x00000007ab080000,0x00000007ab1facf0,0x00000007ab200000)
  to   space 2048K, 0% used [0x00000007aae00000,0x00000007aae00000,0x00000007ab000000)
 ParOldGen       total 64000K, used 2130K [0x0000000780000000, 0x0000000783e80000, 0x00000007aab00000)
  object space 64000K, 3% used [0x0000000780000000,0x0000000780214880,0x0000000783e80000)
 Metaspace       used 12543K, capacity 12692K, committed 12928K, reserved 1060864K
  class space    used 1765K, capacity 1810K, committed 1920K, reserved 1048576K
}

